# JRE version: OpenJDK Runtime Environment Temurin-17.0.7+7 (17.0.7+7) (build 17.0.7+7)
# Java VM: OpenJDK 64-Bit Server VM Temurin-17.0.7+7 (17.0.7+7, mixed mode, sharing, tiered, compressed oops, compressed class ptrs, g1 gc, windows-amd64)
GC Precious Log:
 CPUs: 16 total, 16 available
 Memory: 31963M
 Large Page Support: Disabled
 NUMA Support: Disabled
 Compressed Oops: Enabled (Zero based)
 Heap Region Size: 2M
 Heap Min Capacity: 512M
 Heap Initial Capacity: 512M
 Heap Max Capacity: 4072M
 Pre-touch: Disabled
 Parallel Workers: 13
 Concurrent Workers: 3
 Concurrent Refinement Workers: 13
 Periodic GC: Disabled
 String Deduplication is enabled
Heap:
 garbage-first heap   total 524288K, used 145314K [0x0000000701800000, 0x0000000800000000)
  region size 2048K, 25 young (51200K), 1 survivors (2048K)
 Metaspace       used 89781K, committed 90816K, reserved 1179648K
  class space    used 12043K, committed 12544K, reserved 1048576K
GC Heap History (20 events):
Event: 7295.201 GC heap before
{Heap before GC invocations=184 (full 6):
 garbage-first heap   total 524288K, used 177793K [0x0000000701800000, 0x0000000800000000)
  region size 2048K, 40 young (81920K), 1 survivors (2048K)
 Metaspace       used 89656K, committed 90752K, reserved 1179648K
  class space    used 12043K, committed 12544K, reserved 1048576K
}
Event: 7295.202 GC heap after
{Heap after GC invocations=185 (full 6):
 garbage-first heap   total 524288K, used 98456K [0x0000000701800000, 0x0000000800000000)
  region size 2048K, 2 young (4096K), 2 survivors (4096K)
 Metaspace       used 89656K, committed 90752K, reserved 1179648K
  class space    used 12043K, committed 12544K, reserved 1048576K
}
Event: 7316.042 GC heap before
{Heap before GC invocations=185 (full 6):
 garbage-first heap   total 524288K, used 176280K [0x0000000701800000, 0x0000000800000000)
  region size 2048K, 40 young (81920K), 2 survivors (4096K)
 Metaspace       used 89657K, committed 90752K, reserved 1179648K
  class space    used 12043K, committed 12544K, reserved 1048576K
}
Event: 7316.044 GC heap after
{Heap after GC invocations=186 (full 6):
 garbage-first heap   total 524288K, used 97970K [0x0000000701800000, 0x0000000800000000)
  region size 2048K, 1 young (2048K), 1 survivors (2048K)
 Metaspace       used 89657K, committed 90752K, reserved 1179648K
  class space    used 12043K, committed 12544K, reserved 1048576K
}
Event: 7371.422 GC heap before
{Heap before GC invocations=186 (full 6):
 garbage-first heap   total 524288K, used 177842K [0x0000000701800000, 0x0000000800000000)
  region size 2048K, 40 young (81920K), 1 survivors (2048K)
 Metaspace       used 89660K, committed 90752K, reserved 1179648K
  class space    used 12043K, committed 12544K, reserved 1048576K
}
Event: 7371.424 GC heap after
{Heap after GC invocations=187 (full 6):
 garbage-first heap   total 524288K, used 98057K [0x0000000701800000, 0x0000000800000000)
  region size 2048K, 1 young (2048K), 1 survivors (2048K)
 Metaspace       used 89660K, committed 90752K, reserved 1179648K
  class space    used 12043K, committed 12544K, reserved 1048576K
}
Event: 7396.571 GC heap before
{Heap before GC invocations=187 (full 6):
 garbage-first heap   total 524288K, used 177929K [0x0000000701800000, 0x0000000800000000)
  region size 2048K, 40 young (81920K), 1 survivors (2048K)
 Metaspace       used 89660K, committed 90752K, reserved 1179648K
  class space    used 12043K, committed 12544K, reserved 1048576K
}
Event: 7396.572 GC heap after
{Heap after GC invocations=188 (full 6):
 garbage-first heap   total 524288K, used 97994K [0x0000000701800000, 0x0000000800000000)
  region size 2048K, 1 young (2048K), 1 survivors (2048K)
 Metaspace       used 89660K, committed 90752K, reserved 1179648K
  class space    used 12043K, committed 12544K, reserved 1048576K
}
Event: 7406.129 GC heap before
{Heap before GC invocations=188 (full 6):
 garbage-first heap   total 524288K, used 177866K [0x0000000701800000, 0x0000000800000000)
  region size 2048K, 40 young (81920K), 1 survivors (2048K)
 Metaspace       used 89665K, committed 90752K, reserved 1179648K
  class space    used 12043K, committed 12544K, reserved 1048576K
}
Event: 7406.131 GC heap after
{Heap after GC invocations=189 (full 6):
 garbage-first heap   total 524288K, used 98053K [0x0000000701800000, 0x0000000800000000)
  region size 2048K, 1 young (2048K), 1 survivors (2048K)
 Metaspace       used 89665K, committed 90752K, reserved 1179648K
  class space    used 12043K, committed 12544K, reserved 1048576K
}
Event: 7421.596 GC heap before
{Heap before GC invocations=189 (full 6):
 garbage-first heap   total 524288K, used 177925K [0x0000000701800000, 0x0000000800000000)
  region size 2048K, 40 young (81920K), 1 survivors (2048K)
 Metaspace       used 89672K, committed 90752K, reserved 1179648K
  class space    used 12043K, committed 12544K, reserved 1048576K
}
Event: 7421.597 GC heap after
{Heap after GC invocations=190 (full 6):
 garbage-first heap   total 524288K, used 98011K [0x0000000701800000, 0x0000000800000000)
  region size 2048K, 1 young (2048K), 1 survivors (2048K)
 Metaspace       used 89672K, committed 90752K, reserved 1179648K
  class space    used 12043K, committed 12544K, reserved 1048576K
}
Event: 7435.253 GC heap before
{Heap before GC invocations=190 (full 6):
 garbage-first heap   total 524288K, used 177883K [0x0000000701800000, 0x0000000800000000)
  region size 2048K, 40 young (81920K), 1 survivors (2048K)
 Metaspace       used 89680K, committed 90816K, reserved 1179648K
  class space    used 12043K, committed 12544K, reserved 1048576K
}
Event: 7435.254 GC heap after
{Heap after GC invocations=191 (full 6):
 garbage-first heap   total 524288K, used 98599K [0x0000000701800000, 0x0000000800000000)
  region size 2048K, 1 young (2048K), 1 survivors (2048K)
 Metaspace       used 89680K, committed 90816K, reserved 1179648K
  class space    used 12043K, committed 12544K, reserved 1048576K
}
Event: 7460.809 GC heap before
{Heap before GC invocations=191 (full 6):
 garbage-first heap   total 524288K, used 178471K [0x0000000701800000, 0x0000000800000000)
  region size 2048K, 40 young (81920K), 1 survivors (2048K)
 Metaspace       used 89697K, committed 90816K, reserved 1179648K
  class space    used 12043K, committed 12544K, reserved 1048576K
}
Event: 7460.811 GC heap after
{Heap after GC invocations=192 (full 6):
 garbage-first heap   total 524288K, used 98119K [0x0000000701800000, 0x0000000800000000)
  region size 2048K, 1 young (2048K), 1 survivors (2048K)
 Metaspace       used 89697K, committed 90816K, reserved 1179648K
  class space    used 12043K, committed 12544K, reserved 1048576K
}
Event: 7473.309 GC heap before
{Heap before GC invocations=192 (full 6):
 garbage-first heap   total 524288K, used 177991K [0x0000000701800000, 0x0000000800000000)
  region size 2048K, 40 young (81920K), 1 survivors (2048K)
 Metaspace       used 89724K, committed 90816K, reserved 1179648K
  class space    used 12043K, committed 12544K, reserved 1048576K
}
Event: 7473.310 GC heap after
{Heap after GC invocations=193 (full 6):
 garbage-first heap   total 524288K, used 98090K [0x0000000701800000, 0x0000000800000000)
  region size 2048K, 1 young (2048K), 1 survivors (2048K)
 Metaspace       used 89724K, committed 90816K, reserved 1179648K
  class space    used 12043K, committed 12544K, reserved 1048576K
}
Event: 7493.057 GC heap before
{Heap before GC invocations=193 (full 6):
 garbage-first heap   total 524288K, used 177962K [0x0000000701800000, 0x0000000800000000)
  region size 2048K, 40 young (81920K), 1 survivors (2048K)
 Metaspace       used 89777K, committed 90816K, reserved 1179648K
  class space    used 12043K, committed 12544K, reserved 1048576K
}
Event: 7493.058 GC heap after
{Heap after GC invocations=194 (full 6):
 garbage-first heap   total 524288K, used 98210K [0x0000000701800000, 0x0000000800000000)
  region size 2048K, 1 young (2048K), 1 survivors (2048K)
 Metaspace       used 89777K, committed 90816K, reserved 1179648K
  class space    used 12043K, committed 12544K, reserved 1048576K
}

